I, [2016-12-01T08:48:29.953493 #6024]  INFO -- Kitchen: -----> Starting Kitchen (v1.13.2)
I, [2016-12-01T08:48:44.602452 #6024]  INFO -- Kitchen: -----> Cleaning up any prior instances of <default-windows2008r2>
I, [2016-12-01T08:48:44.606454 #6024]  INFO -- Kitchen: -----> Destroying <default-windows2008r2>...
I, [2016-12-01T08:48:44.606454 #6024]  INFO -- Kitchen: -----> Testing <default-windows2008r2>
I, [2016-12-01T08:48:44.606454 #6024]  INFO -- Kitchen: -----> Creating <default-windows2008r2>...
E, [2016-12-01T08:48:47.398875 #6024] ERROR -- Kitchen: ------Exception-------
E, [2016-12-01T08:48:47.398875 #6024] ERROR -- Kitchen: Class: Kitchen::ActionFailed
E, [2016-12-01T08:48:47.398875 #6024] ERROR -- Kitchen: Message: 1 actions failed.
>>>>>>     Failed to complete #create action: [Expected process to exit with [0], but received '1'
---- Begin output of vagrant up --no-provision --provider virtualbox ----
STDOUT: Bringing machine 'default' up with 'virtualbox' provider...
STDERR: There are errors in the configuration of this machine. Please fix
the following errors and try again:

vm:
* The shared folder guest path must be absolute: $env:TEMPomnibusche
---- End output of vagrant up --no-provision --provider virtualbox ----
Ran vagrant up --no-provision --provider virtualbox returned 1] on default-windows2008r2
E, [2016-12-01T08:48:47.398875 #6024] ERROR -- Kitchen: ----------------------
E, [2016-12-01T08:48:47.398875 #6024] ERROR -- Kitchen: ------Backtrace-------
E, [2016-12-01T08:48:47.398875 #6024] ERROR -- Kitchen: C:/opscode/chefdk/embedded/lib/ruby/gems/2.3.0/gems/test-kitchen-1.13.2/lib/kitchen/command.rb:187:in `report_errors'
E, [2016-12-01T08:48:47.398875 #6024] ERROR -- Kitchen: C:/opscode/chefdk/embedded/lib/ruby/gems/2.3.0/gems/test-kitchen-1.13.2/lib/kitchen/command.rb:178:in `run_action'
E, [2016-12-01T08:48:47.398875 #6024] ERROR -- Kitchen: C:/opscode/chefdk/embedded/lib/ruby/gems/2.3.0/gems/test-kitchen-1.13.2/lib/kitchen/command/test.rb:45:in `block in call'
E, [2016-12-01T08:48:47.398875 #6024] ERROR -- Kitchen: C:/opscode/chefdk/embedded/lib/ruby/2.3.0/benchmark.rb:293:in `measure'
E, [2016-12-01T08:48:47.402879 #6024] ERROR -- Kitchen: C:/opscode/chefdk/embedded/lib/ruby/gems/2.3.0/gems/test-kitchen-1.13.2/lib/kitchen/command/test.rb:41:in `call'
E, [2016-12-01T08:48:47.402879 #6024] ERROR -- Kitchen: C:/opscode/chefdk/embedded/lib/ruby/gems/2.3.0/gems/test-kitchen-1.13.2/lib/kitchen/cli.rb:56:in `perform'
E, [2016-12-01T08:48:47.402879 #6024] ERROR -- Kitchen: C:/opscode/chefdk/embedded/lib/ruby/gems/2.3.0/gems/test-kitchen-1.13.2/lib/kitchen/cli.rb:233:in `test'
E, [2016-12-01T08:48:47.402879 #6024] ERROR -- Kitchen: C:/opscode/chefdk/embedded/lib/ruby/gems/2.3.0/gems/thor-0.19.1/lib/thor/command.rb:27:in `run'
E, [2016-12-01T08:48:47.402879 #6024] ERROR -- Kitchen: C:/opscode/chefdk/embedded/lib/ruby/gems/2.3.0/gems/thor-0.19.1/lib/thor/invocation.rb:126:in `invoke_command'
E, [2016-12-01T08:48:47.402879 #6024] ERROR -- Kitchen: C:/opscode/chefdk/embedded/lib/ruby/gems/2.3.0/gems/test-kitchen-1.13.2/lib/kitchen/cli.rb:334:in `invoke_task'
E, [2016-12-01T08:48:47.402879 #6024] ERROR -- Kitchen: C:/opscode/chefdk/embedded/lib/ruby/gems/2.3.0/gems/thor-0.19.1/lib/thor.rb:359:in `dispatch'
E, [2016-12-01T08:48:47.402879 #6024] ERROR -- Kitchen: C:/opscode/chefdk/embedded/lib/ruby/gems/2.3.0/gems/thor-0.19.1/lib/thor/base.rb:440:in `start'
E, [2016-12-01T08:48:47.402879 #6024] ERROR -- Kitchen: C:/opscode/chefdk/embedded/lib/ruby/gems/2.3.0/gems/test-kitchen-1.13.2/bin/kitchen:13:in `block in <top (required)>'
E, [2016-12-01T08:48:47.402879 #6024] ERROR -- Kitchen: C:/opscode/chefdk/embedded/lib/ruby/gems/2.3.0/gems/test-kitchen-1.13.2/lib/kitchen/errors.rb:174:in `with_friendly_errors'
E, [2016-12-01T08:48:47.402879 #6024] ERROR -- Kitchen: C:/opscode/chefdk/embedded/lib/ruby/gems/2.3.0/gems/test-kitchen-1.13.2/bin/kitchen:13:in `<top (required)>'
E, [2016-12-01T08:48:47.402879 #6024] ERROR -- Kitchen: C:/opscode/chefdk/bin/kitchen:24:in `load'
E, [2016-12-01T08:48:47.406878 #6024] ERROR -- Kitchen: C:/opscode/chefdk/bin/kitchen:24:in `<main>'
E, [2016-12-01T08:48:47.406878 #6024] ERROR -- Kitchen: ----End Backtrace-----
E, [2016-12-01T08:48:47.406878 #6024] ERROR -- Kitchen: -Composite Exception--
E, [2016-12-01T08:48:47.406878 #6024] ERROR -- Kitchen: Class: Kitchen::ActionFailed
E, [2016-12-01T08:48:47.406878 #6024] ERROR -- Kitchen: Message: Failed to complete #create action: [Expected process to exit with [0], but received '1'
---- Begin output of vagrant up --no-provision --provider virtualbox ----
STDOUT: Bringing machine 'default' up with 'virtualbox' provider...
STDERR: There are errors in the configuration of this machine. Please fix
the following errors and try again:

vm:
* The shared folder guest path must be absolute: $env:TEMPomnibusche
---- End output of vagrant up --no-provision --provider virtualbox ----
Ran vagrant up --no-provision --provider virtualbox returned 1] on default-windows2008r2
E, [2016-12-01T08:48:47.406878 #6024] ERROR -- Kitchen: ----------------------
E, [2016-12-01T08:48:47.406878 #6024] ERROR -- Kitchen: ------Backtrace-------
E, [2016-12-01T08:48:47.406878 #6024] ERROR -- Kitchen: C:/opscode/chefdk/embedded/lib/ruby/gems/2.3.0/gems/test-kitchen-1.13.2/lib/kitchen/shell_out.rb:73:in `rescue in run_command'
E, [2016-12-01T08:48:47.406878 #6024] ERROR -- Kitchen: C:/opscode/chefdk/embedded/lib/ruby/gems/2.3.0/gems/test-kitchen-1.13.2/lib/kitchen/shell_out.rb:61:in `run_command'
E, [2016-12-01T08:48:47.406878 #6024] ERROR -- Kitchen: C:/Users/rle0401/AppData/Local/chefdk/gem/ruby/2.3.0/gems/kitchen-vagrant-0.21.0/lib/kitchen/driver/vagrant.rb:365:in `run_command'
E, [2016-12-01T08:48:47.406878 #6024] ERROR -- Kitchen: C:/Users/rle0401/AppData/Local/chefdk/gem/ruby/2.3.0/gems/kitchen-vagrant-0.21.0/lib/kitchen/driver/vagrant.rb:324:in `run'
E, [2016-12-01T08:48:47.406878 #6024] ERROR -- Kitchen: C:/Users/rle0401/AppData/Local/chefdk/gem/ruby/2.3.0/gems/kitchen-vagrant-0.21.0/lib/kitchen/driver/vagrant.rb:395:in `run_vagrant_up'
E, [2016-12-01T08:48:47.410856 #6024] ERROR -- Kitchen: C:/Users/rle0401/AppData/Local/chefdk/gem/ruby/2.3.0/gems/kitchen-vagrant-0.21.0/lib/kitchen/driver/vagrant.rb:96:in `create'
E, [2016-12-01T08:48:47.410856 #6024] ERROR -- Kitchen: C:/opscode/chefdk/embedded/lib/ruby/gems/2.3.0/gems/test-kitchen-1.13.2/lib/kitchen/instance.rb:456:in `public_send'
E, [2016-12-01T08:48:47.410856 #6024] ERROR -- Kitchen: C:/opscode/chefdk/embedded/lib/ruby/gems/2.3.0/gems/test-kitchen-1.13.2/lib/kitchen/instance.rb:456:in `block in perform_action'
E, [2016-12-01T08:48:47.410856 #6024] ERROR -- Kitchen: C:/opscode/chefdk/embedded/lib/ruby/gems/2.3.0/gems/test-kitchen-1.13.2/lib/kitchen/instance.rb:517:in `block in synchronize_or_call'
E, [2016-12-01T08:48:47.410856 #6024] ERROR -- Kitchen: C:/opscode/chefdk/embedded/lib/ruby/gems/2.3.0/gems/test-kitchen-1.13.2/lib/kitchen/instance.rb:515:in `synchronize'
E, [2016-12-01T08:48:47.410856 #6024] ERROR -- Kitchen: C:/opscode/chefdk/embedded/lib/ruby/gems/2.3.0/gems/test-kitchen-1.13.2/lib/kitchen/instance.rb:515:in `synchronize_or_call'
E, [2016-12-01T08:48:47.410856 #6024] ERROR -- Kitchen: C:/opscode/chefdk/embedded/lib/ruby/gems/2.3.0/gems/test-kitchen-1.13.2/lib/kitchen/instance.rb:485:in `block in action'
E, [2016-12-01T08:48:47.410856 #6024] ERROR -- Kitchen: C:/opscode/chefdk/embedded/lib/ruby/2.3.0/benchmark.rb:293:in `measure'
E, [2016-12-01T08:48:47.410856 #6024] ERROR -- Kitchen: C:/opscode/chefdk/embedded/lib/ruby/gems/2.3.0/gems/test-kitchen-1.13.2/lib/kitchen/instance.rb:484:in `action'
E, [2016-12-01T08:48:47.410856 #6024] ERROR -- Kitchen: C:/opscode/chefdk/embedded/lib/ruby/gems/2.3.0/gems/test-kitchen-1.13.2/lib/kitchen/instance.rb:456:in `perform_action'
E, [2016-12-01T08:48:47.410856 #6024] ERROR -- Kitchen: C:/opscode/chefdk/embedded/lib/ruby/gems/2.3.0/gems/test-kitchen-1.13.2/lib/kitchen/instance.rb:366:in `create_action'
E, [2016-12-01T08:48:47.414879 #6024] ERROR -- Kitchen: C:/opscode/chefdk/embedded/lib/ruby/gems/2.3.0/gems/test-kitchen-1.13.2/lib/kitchen/instance.rb:355:in `block in transition_to'
E, [2016-12-01T08:48:47.414879 #6024] ERROR -- Kitchen: C:/opscode/chefdk/embedded/lib/ruby/gems/2.3.0/gems/test-kitchen-1.13.2/lib/kitchen/instance.rb:354:in `each'
E, [2016-12-01T08:48:47.414879 #6024] ERROR -- Kitchen: C:/opscode/chefdk/embedded/lib/ruby/gems/2.3.0/gems/test-kitchen-1.13.2/lib/kitchen/instance.rb:354:in `transition_to'
E, [2016-12-01T08:48:47.414879 #6024] ERROR -- Kitchen: C:/opscode/chefdk/embedded/lib/ruby/gems/2.3.0/gems/test-kitchen-1.13.2/lib/kitchen/instance.rb:160:in `verify'
E, [2016-12-01T08:48:47.414879 #6024] ERROR -- Kitchen: C:/opscode/chefdk/embedded/lib/ruby/gems/2.3.0/gems/test-kitchen-1.13.2/lib/kitchen/instance.rb:189:in `block in test'
E, [2016-12-01T08:48:47.414879 #6024] ERROR -- Kitchen: C:/opscode/chefdk/embedded/lib/ruby/2.3.0/benchmark.rb:293:in `measure'
E, [2016-12-01T08:48:47.414879 #6024] ERROR -- Kitchen: C:/opscode/chefdk/embedded/lib/ruby/gems/2.3.0/gems/test-kitchen-1.13.2/lib/kitchen/instance.rb:185:in `test'
E, [2016-12-01T08:48:47.414879 #6024] ERROR -- Kitchen: C:/opscode/chefdk/embedded/lib/ruby/gems/2.3.0/gems/test-kitchen-1.13.2/lib/kitchen/command.rb:201:in `public_send'
E, [2016-12-01T08:48:47.414879 #6024] ERROR -- Kitchen: C:/opscode/chefdk/embedded/lib/ruby/gems/2.3.0/gems/test-kitchen-1.13.2/lib/kitchen/command.rb:201:in `run_action_in_thread'
E, [2016-12-01T08:48:47.414879 #6024] ERROR -- Kitchen: C:/opscode/chefdk/embedded/lib/ruby/gems/2.3.0/gems/test-kitchen-1.13.2/lib/kitchen/command.rb:173:in `block (2 levels) in run_action'
E, [2016-12-01T08:48:47.414879 #6024] ERROR -- Kitchen: C:/opscode/chefdk/embedded/lib/ruby/gems/2.3.0/gems/logging-2.1.0/lib/logging/diagnostic_context.rb:450:in `block in create_with_logging_context'
E, [2016-12-01T08:48:47.418879 #6024] ERROR -- Kitchen: ----End Backtrace-----
E, [2016-12-01T08:48:47.418879 #6024] ERROR -- Kitchen: ---Nested Exception---
E, [2016-12-01T08:48:47.418879 #6024] ERROR -- Kitchen: Class: Kitchen::ActionFailed
E, [2016-12-01T08:48:47.418879 #6024] ERROR -- Kitchen: Message: Failed to complete #create action: [Expected process to exit with [0], but received '1'
---- Begin output of vagrant up --no-provision --provider virtualbox ----
STDOUT: Bringing machine 'default' up with 'virtualbox' provider...
STDERR: There are errors in the configuration of this machine. Please fix
the following errors and try again:

vm:
* The shared folder guest path must be absolute: $env:TEMPomnibusche
---- End output of vagrant up --no-provision --provider virtualbox ----
Ran vagrant up --no-provision --provider virtualbox returned 1]
E, [2016-12-01T08:48:47.418879 #6024] ERROR -- Kitchen: ----------------------
E, [2016-12-01T08:48:47.418879 #6024] ERROR -- Kitchen: ------Backtrace-------
E, [2016-12-01T08:48:47.418879 #6024] ERROR -- Kitchen: C:/opscode/chefdk/embedded/lib/ruby/gems/2.3.0/gems/test-kitchen-1.13.2/lib/kitchen/shell_out.rb:73:in `rescue in run_command'
E, [2016-12-01T08:48:47.418879 #6024] ERROR -- Kitchen: C:/opscode/chefdk/embedded/lib/ruby/gems/2.3.0/gems/test-kitchen-1.13.2/lib/kitchen/shell_out.rb:61:in `run_command'
E, [2016-12-01T08:48:47.418879 #6024] ERROR -- Kitchen: C:/Users/rle0401/AppData/Local/chefdk/gem/ruby/2.3.0/gems/kitchen-vagrant-0.21.0/lib/kitchen/driver/vagrant.rb:365:in `run_command'
E, [2016-12-01T08:48:47.418879 #6024] ERROR -- Kitchen: C:/Users/rle0401/AppData/Local/chefdk/gem/ruby/2.3.0/gems/kitchen-vagrant-0.21.0/lib/kitchen/driver/vagrant.rb:324:in `run'
E, [2016-12-01T08:48:47.418879 #6024] ERROR -- Kitchen: C:/Users/rle0401/AppData/Local/chefdk/gem/ruby/2.3.0/gems/kitchen-vagrant-0.21.0/lib/kitchen/driver/vagrant.rb:395:in `run_vagrant_up'
E, [2016-12-01T08:48:47.422862 #6024] ERROR -- Kitchen: C:/Users/rle0401/AppData/Local/chefdk/gem/ruby/2.3.0/gems/kitchen-vagrant-0.21.0/lib/kitchen/driver/vagrant.rb:96:in `create'
E, [2016-12-01T08:48:47.422862 #6024] ERROR -- Kitchen: C:/opscode/chefdk/embedded/lib/ruby/gems/2.3.0/gems/test-kitchen-1.13.2/lib/kitchen/instance.rb:456:in `public_send'
E, [2016-12-01T08:48:47.422862 #6024] ERROR -- Kitchen: C:/opscode/chefdk/embedded/lib/ruby/gems/2.3.0/gems/test-kitchen-1.13.2/lib/kitchen/instance.rb:456:in `block in perform_action'
E, [2016-12-01T08:48:47.422862 #6024] ERROR -- Kitchen: C:/opscode/chefdk/embedded/lib/ruby/gems/2.3.0/gems/test-kitchen-1.13.2/lib/kitchen/instance.rb:517:in `block in synchronize_or_call'
E, [2016-12-01T08:48:47.422862 #6024] ERROR -- Kitchen: C:/opscode/chefdk/embedded/lib/ruby/gems/2.3.0/gems/test-kitchen-1.13.2/lib/kitchen/instance.rb:515:in `synchronize'
E, [2016-12-01T08:48:47.422862 #6024] ERROR -- Kitchen: C:/opscode/chefdk/embedded/lib/ruby/gems/2.3.0/gems/test-kitchen-1.13.2/lib/kitchen/instance.rb:515:in `synchronize_or_call'
E, [2016-12-01T08:48:47.422862 #6024] ERROR -- Kitchen: C:/opscode/chefdk/embedded/lib/ruby/gems/2.3.0/gems/test-kitchen-1.13.2/lib/kitchen/instance.rb:485:in `block in action'
E, [2016-12-01T08:48:47.422862 #6024] ERROR -- Kitchen: C:/opscode/chefdk/embedded/lib/ruby/2.3.0/benchmark.rb:293:in `measure'
E, [2016-12-01T08:48:47.422862 #6024] ERROR -- Kitchen: C:/opscode/chefdk/embedded/lib/ruby/gems/2.3.0/gems/test-kitchen-1.13.2/lib/kitchen/instance.rb:484:in `action'
E, [2016-12-01T08:48:47.422862 #6024] ERROR -- Kitchen: C:/opscode/chefdk/embedded/lib/ruby/gems/2.3.0/gems/test-kitchen-1.13.2/lib/kitchen/instance.rb:456:in `perform_action'
E, [2016-12-01T08:48:47.426880 #6024] ERROR -- Kitchen: C:/opscode/chefdk/embedded/lib/ruby/gems/2.3.0/gems/test-kitchen-1.13.2/lib/kitchen/instance.rb:366:in `create_action'
E, [2016-12-01T08:48:47.426880 #6024] ERROR -- Kitchen: C:/opscode/chefdk/embedded/lib/ruby/gems/2.3.0/gems/test-kitchen-1.13.2/lib/kitchen/instance.rb:355:in `block in transition_to'
E, [2016-12-01T08:48:47.426880 #6024] ERROR -- Kitchen: C:/opscode/chefdk/embedded/lib/ruby/gems/2.3.0/gems/test-kitchen-1.13.2/lib/kitchen/instance.rb:354:in `each'
E, [2016-12-01T08:48:47.426880 #6024] ERROR -- Kitchen: C:/opscode/chefdk/embedded/lib/ruby/gems/2.3.0/gems/test-kitchen-1.13.2/lib/kitchen/instance.rb:354:in `transition_to'
E, [2016-12-01T08:48:47.426880 #6024] ERROR -- Kitchen: C:/opscode/chefdk/embedded/lib/ruby/gems/2.3.0/gems/test-kitchen-1.13.2/lib/kitchen/instance.rb:160:in `verify'
E, [2016-12-01T08:48:47.426880 #6024] ERROR -- Kitchen: C:/opscode/chefdk/embedded/lib/ruby/gems/2.3.0/gems/test-kitchen-1.13.2/lib/kitchen/instance.rb:189:in `block in test'
E, [2016-12-01T08:48:47.426880 #6024] ERROR -- Kitchen: C:/opscode/chefdk/embedded/lib/ruby/2.3.0/benchmark.rb:293:in `measure'
E, [2016-12-01T08:48:47.426880 #6024] ERROR -- Kitchen: C:/opscode/chefdk/embedded/lib/ruby/gems/2.3.0/gems/test-kitchen-1.13.2/lib/kitchen/instance.rb:185:in `test'
E, [2016-12-01T08:48:47.426880 #6024] ERROR -- Kitchen: C:/opscode/chefdk/embedded/lib/ruby/gems/2.3.0/gems/test-kitchen-1.13.2/lib/kitchen/command.rb:201:in `public_send'
E, [2016-12-01T08:48:47.426880 #6024] ERROR -- Kitchen: C:/opscode/chefdk/embedded/lib/ruby/gems/2.3.0/gems/test-kitchen-1.13.2/lib/kitchen/command.rb:201:in `run_action_in_thread'
E, [2016-12-01T08:48:47.426880 #6024] ERROR -- Kitchen: C:/opscode/chefdk/embedded/lib/ruby/gems/2.3.0/gems/test-kitchen-1.13.2/lib/kitchen/command.rb:173:in `block (2 levels) in run_action'
E, [2016-12-01T08:48:47.426880 #6024] ERROR -- Kitchen: C:/opscode/chefdk/embedded/lib/ruby/gems/2.3.0/gems/logging-2.1.0/lib/logging/diagnostic_context.rb:450:in `block in create_with_logging_context'
E, [2016-12-01T08:48:47.426880 #6024] ERROR -- Kitchen: ----End Backtrace-----
