I, [2016-11-29T18:20:38.734961 #4684]  INFO -- Kitchen: -----> Starting Kitchen (v1.13.2)
I, [2016-11-29T18:20:42.011770 #4684]  INFO -- Kitchen: -----> Creating <default-windows2008r2>...
I, [2016-11-29T18:26:17.374614 #4684]  INFO -- Kitchen: -----> Converging <default-windows2008r2>...
E, [2016-11-29T18:30:35.944804 #4684] ERROR -- Kitchen: ------Exception-------
E, [2016-11-29T18:30:35.944804 #4684] ERROR -- Kitchen: Class: Kitchen::ActionFailed
E, [2016-11-29T18:30:35.944804 #4684] ERROR -- Kitchen: Message: 1 actions failed.
>>>>>>     Converge failed on instance <default-windows2008r2>.  Please see .kitchen/logs/default-windows2008r2.log for more details
E, [2016-11-29T18:30:35.944804 #4684] ERROR -- Kitchen: ----------------------
E, [2016-11-29T18:30:35.944804 #4684] ERROR -- Kitchen: ------Backtrace-------
E, [2016-11-29T18:30:35.944804 #4684] ERROR -- Kitchen: C:/opscode/chefdk/embedded/lib/ruby/gems/2.3.0/gems/test-kitchen-1.13.2/lib/kitchen/command.rb:187:in `report_errors'
E, [2016-11-29T18:30:35.944804 #4684] ERROR -- Kitchen: C:/opscode/chefdk/embedded/lib/ruby/gems/2.3.0/gems/test-kitchen-1.13.2/lib/kitchen/command.rb:178:in `run_action'
E, [2016-11-29T18:30:35.944804 #4684] ERROR -- Kitchen: C:/opscode/chefdk/embedded/lib/ruby/gems/2.3.0/gems/test-kitchen-1.13.2/lib/kitchen/command/action.rb:39:in `block in call'
E, [2016-11-29T18:30:35.944804 #4684] ERROR -- Kitchen: C:/opscode/chefdk/embedded/lib/ruby/2.3.0/benchmark.rb:293:in `measure'
E, [2016-11-29T18:30:35.944804 #4684] ERROR -- Kitchen: C:/opscode/chefdk/embedded/lib/ruby/gems/2.3.0/gems/test-kitchen-1.13.2/lib/kitchen/command/action.rb:37:in `call'
E, [2016-11-29T18:30:35.944804 #4684] ERROR -- Kitchen: C:/opscode/chefdk/embedded/lib/ruby/gems/2.3.0/gems/test-kitchen-1.13.2/lib/kitchen/cli.rb:56:in `perform'
E, [2016-11-29T18:30:35.944804 #4684] ERROR -- Kitchen: C:/opscode/chefdk/embedded/lib/ruby/gems/2.3.0/gems/test-kitchen-1.13.2/lib/kitchen/cli.rb:186:in `block (2 levels) in <class:CLI>'
E, [2016-11-29T18:30:35.944804 #4684] ERROR -- Kitchen: C:/opscode/chefdk/embedded/lib/ruby/gems/2.3.0/gems/thor-0.19.1/lib/thor/command.rb:27:in `run'
E, [2016-11-29T18:30:35.944804 #4684] ERROR -- Kitchen: C:/opscode/chefdk/embedded/lib/ruby/gems/2.3.0/gems/thor-0.19.1/lib/thor/invocation.rb:126:in `invoke_command'
E, [2016-11-29T18:30:35.944804 #4684] ERROR -- Kitchen: C:/opscode/chefdk/embedded/lib/ruby/gems/2.3.0/gems/test-kitchen-1.13.2/lib/kitchen/cli.rb:334:in `invoke_task'
E, [2016-11-29T18:30:35.945782 #4684] ERROR -- Kitchen: C:/opscode/chefdk/embedded/lib/ruby/gems/2.3.0/gems/thor-0.19.1/lib/thor.rb:359:in `dispatch'
E, [2016-11-29T18:30:35.945782 #4684] ERROR -- Kitchen: C:/opscode/chefdk/embedded/lib/ruby/gems/2.3.0/gems/thor-0.19.1/lib/thor/base.rb:440:in `start'
E, [2016-11-29T18:30:35.945782 #4684] ERROR -- Kitchen: C:/opscode/chefdk/embedded/lib/ruby/gems/2.3.0/gems/test-kitchen-1.13.2/bin/kitchen:13:in `block in <top (required)>'
E, [2016-11-29T18:30:35.945782 #4684] ERROR -- Kitchen: C:/opscode/chefdk/embedded/lib/ruby/gems/2.3.0/gems/test-kitchen-1.13.2/lib/kitchen/errors.rb:174:in `with_friendly_errors'
E, [2016-11-29T18:30:35.945782 #4684] ERROR -- Kitchen: C:/opscode/chefdk/embedded/lib/ruby/gems/2.3.0/gems/test-kitchen-1.13.2/bin/kitchen:13:in `<top (required)>'
E, [2016-11-29T18:30:35.945782 #4684] ERROR -- Kitchen: C:/opscode/chefdk/bin/kitchen:24:in `load'
E, [2016-11-29T18:30:35.945782 #4684] ERROR -- Kitchen: C:/opscode/chefdk/bin/kitchen:24:in `<main>'
E, [2016-11-29T18:30:35.945782 #4684] ERROR -- Kitchen: ----End Backtrace-----
E, [2016-11-29T18:30:35.945782 #4684] ERROR -- Kitchen: -Composite Exception--
E, [2016-11-29T18:30:35.945782 #4684] ERROR -- Kitchen: Class: Kitchen::InstanceFailure
E, [2016-11-29T18:30:35.945782 #4684] ERROR -- Kitchen: Message: Converge failed on instance <default-windows2008r2>.  Please see .kitchen/logs/default-windows2008r2.log for more details
E, [2016-11-29T18:30:35.945782 #4684] ERROR -- Kitchen: ----------------------
E, [2016-11-29T18:30:35.945782 #4684] ERROR -- Kitchen: ------Backtrace-------
E, [2016-11-29T18:30:35.945782 #4684] ERROR -- Kitchen: C:/opscode/chefdk/embedded/lib/ruby/gems/2.3.0/gems/test-kitchen-1.13.2/lib/kitchen/provisioner/base.rb:86:in `rescue in call'
E, [2016-11-29T18:30:35.945782 #4684] ERROR -- Kitchen: C:/opscode/chefdk/embedded/lib/ruby/gems/2.3.0/gems/test-kitchen-1.13.2/lib/kitchen/provisioner/base.rb:89:in `call'
E, [2016-11-29T18:30:35.945782 #4684] ERROR -- Kitchen: C:/opscode/chefdk/embedded/lib/ruby/gems/2.3.0/gems/test-kitchen-1.13.2/lib/kitchen/instance.rb:380:in `block in converge_action'
E, [2016-11-29T18:30:35.945782 #4684] ERROR -- Kitchen: C:/opscode/chefdk/embedded/lib/ruby/gems/2.3.0/gems/test-kitchen-1.13.2/lib/kitchen/instance.rb:520:in `synchronize_or_call'
E, [2016-11-29T18:30:35.945782 #4684] ERROR -- Kitchen: C:/opscode/chefdk/embedded/lib/ruby/gems/2.3.0/gems/test-kitchen-1.13.2/lib/kitchen/instance.rb:485:in `block in action'
E, [2016-11-29T18:30:35.946760 #4684] ERROR -- Kitchen: C:/opscode/chefdk/embedded/lib/ruby/2.3.0/benchmark.rb:293:in `measure'
E, [2016-11-29T18:30:35.946760 #4684] ERROR -- Kitchen: C:/opscode/chefdk/embedded/lib/ruby/gems/2.3.0/gems/test-kitchen-1.13.2/lib/kitchen/instance.rb:484:in `action'
E, [2016-11-29T18:30:35.946760 #4684] ERROR -- Kitchen: C:/opscode/chefdk/embedded/lib/ruby/gems/2.3.0/gems/test-kitchen-1.13.2/lib/kitchen/instance.rb:376:in `converge_action'
E, [2016-11-29T18:30:35.946760 #4684] ERROR -- Kitchen: C:/opscode/chefdk/embedded/lib/ruby/gems/2.3.0/gems/test-kitchen-1.13.2/lib/kitchen/instance.rb:355:in `block in transition_to'
E, [2016-11-29T18:30:35.946760 #4684] ERROR -- Kitchen: C:/opscode/chefdk/embedded/lib/ruby/gems/2.3.0/gems/test-kitchen-1.13.2/lib/kitchen/instance.rb:354:in `each'
E, [2016-11-29T18:30:35.946760 #4684] ERROR -- Kitchen: C:/opscode/chefdk/embedded/lib/ruby/gems/2.3.0/gems/test-kitchen-1.13.2/lib/kitchen/instance.rb:354:in `transition_to'
E, [2016-11-29T18:30:35.946760 #4684] ERROR -- Kitchen: C:/opscode/chefdk/embedded/lib/ruby/gems/2.3.0/gems/test-kitchen-1.13.2/lib/kitchen/instance.rb:138:in `converge'
E, [2016-11-29T18:30:35.946760 #4684] ERROR -- Kitchen: C:/opscode/chefdk/embedded/lib/ruby/gems/2.3.0/gems/test-kitchen-1.13.2/lib/kitchen/command.rb:201:in `public_send'
E, [2016-11-29T18:30:35.946760 #4684] ERROR -- Kitchen: C:/opscode/chefdk/embedded/lib/ruby/gems/2.3.0/gems/test-kitchen-1.13.2/lib/kitchen/command.rb:201:in `run_action_in_thread'
E, [2016-11-29T18:30:35.946760 #4684] ERROR -- Kitchen: C:/opscode/chefdk/embedded/lib/ruby/gems/2.3.0/gems/test-kitchen-1.13.2/lib/kitchen/command.rb:173:in `block (2 levels) in run_action'
E, [2016-11-29T18:30:35.946760 #4684] ERROR -- Kitchen: C:/opscode/chefdk/embedded/lib/ruby/gems/2.3.0/gems/logging-2.1.0/lib/logging/diagnostic_context.rb:450:in `block in create_with_logging_context'
E, [2016-11-29T18:30:35.946760 #4684] ERROR -- Kitchen: ----End Backtrace-----
E, [2016-11-29T18:30:35.946760 #4684] ERROR -- Kitchen: ---Nested Exception---
E, [2016-11-29T18:30:35.946760 #4684] ERROR -- Kitchen: Class: Kitchen::ActionFailed
E, [2016-11-29T18:30:35.946760 #4684] ERROR -- Kitchen: Message: WinRM exited (1) for command: [$env:TEST_KITCHEN = "1"
$env:PATH = try {
[System.Environment]::GetEnvironmentVariable('PATH','Machine')
} catch { $env:PATH }

& $env:systemdrive\opscode\chef\bin\chef-solo.bat --config $env:TEMP\kitchen\solo.rb --log_level auto --no-color --json-attributes $env:TEMP\kitchen\dna.json  --force-formatter]
E, [2016-11-29T18:30:35.946760 #4684] ERROR -- Kitchen: ----------------------
E, [2016-11-29T18:30:35.946760 #4684] ERROR -- Kitchen: ------Backtrace-------
E, [2016-11-29T18:30:35.946760 #4684] ERROR -- Kitchen: C:/opscode/chefdk/embedded/lib/ruby/gems/2.3.0/gems/test-kitchen-1.13.2/lib/kitchen/provisioner/base.rb:86:in `rescue in call'
E, [2016-11-29T18:30:35.946760 #4684] ERROR -- Kitchen: C:/opscode/chefdk/embedded/lib/ruby/gems/2.3.0/gems/test-kitchen-1.13.2/lib/kitchen/provisioner/base.rb:89:in `call'
E, [2016-11-29T18:30:35.947737 #4684] ERROR -- Kitchen: C:/opscode/chefdk/embedded/lib/ruby/gems/2.3.0/gems/test-kitchen-1.13.2/lib/kitchen/instance.rb:380:in `block in converge_action'
E, [2016-11-29T18:30:35.947737 #4684] ERROR -- Kitchen: C:/opscode/chefdk/embedded/lib/ruby/gems/2.3.0/gems/test-kitchen-1.13.2/lib/kitchen/instance.rb:520:in `synchronize_or_call'
E, [2016-11-29T18:30:35.947737 #4684] ERROR -- Kitchen: C:/opscode/chefdk/embedded/lib/ruby/gems/2.3.0/gems/test-kitchen-1.13.2/lib/kitchen/instance.rb:485:in `block in action'
E, [2016-11-29T18:30:35.947737 #4684] ERROR -- Kitchen: C:/opscode/chefdk/embedded/lib/ruby/2.3.0/benchmark.rb:293:in `measure'
E, [2016-11-29T18:30:35.947737 #4684] ERROR -- Kitchen: C:/opscode/chefdk/embedded/lib/ruby/gems/2.3.0/gems/test-kitchen-1.13.2/lib/kitchen/instance.rb:484:in `action'
E, [2016-11-29T18:30:35.947737 #4684] ERROR -- Kitchen: C:/opscode/chefdk/embedded/lib/ruby/gems/2.3.0/gems/test-kitchen-1.13.2/lib/kitchen/instance.rb:376:in `converge_action'
E, [2016-11-29T18:30:35.947737 #4684] ERROR -- Kitchen: C:/opscode/chefdk/embedded/lib/ruby/gems/2.3.0/gems/test-kitchen-1.13.2/lib/kitchen/instance.rb:355:in `block in transition_to'
E, [2016-11-29T18:30:35.947737 #4684] ERROR -- Kitchen: C:/opscode/chefdk/embedded/lib/ruby/gems/2.3.0/gems/test-kitchen-1.13.2/lib/kitchen/instance.rb:354:in `each'
E, [2016-11-29T18:30:35.947737 #4684] ERROR -- Kitchen: C:/opscode/chefdk/embedded/lib/ruby/gems/2.3.0/gems/test-kitchen-1.13.2/lib/kitchen/instance.rb:354:in `transition_to'
E, [2016-11-29T18:30:35.947737 #4684] ERROR -- Kitchen: C:/opscode/chefdk/embedded/lib/ruby/gems/2.3.0/gems/test-kitchen-1.13.2/lib/kitchen/instance.rb:138:in `converge'
E, [2016-11-29T18:30:35.947737 #4684] ERROR -- Kitchen: C:/opscode/chefdk/embedded/lib/ruby/gems/2.3.0/gems/test-kitchen-1.13.2/lib/kitchen/command.rb:201:in `public_send'
E, [2016-11-29T18:30:35.947737 #4684] ERROR -- Kitchen: C:/opscode/chefdk/embedded/lib/ruby/gems/2.3.0/gems/test-kitchen-1.13.2/lib/kitchen/command.rb:201:in `run_action_in_thread'
E, [2016-11-29T18:30:35.947737 #4684] ERROR -- Kitchen: C:/opscode/chefdk/embedded/lib/ruby/gems/2.3.0/gems/test-kitchen-1.13.2/lib/kitchen/command.rb:173:in `block (2 levels) in run_action'
E, [2016-11-29T18:30:35.947737 #4684] ERROR -- Kitchen: C:/opscode/chefdk/embedded/lib/ruby/gems/2.3.0/gems/logging-2.1.0/lib/logging/diagnostic_context.rb:450:in `block in create_with_logging_context'
E, [2016-11-29T18:30:35.947737 #4684] ERROR -- Kitchen: ----End Backtrace-----
