I, [2016-12-20T14:26:10.391585 #824]  INFO -- Kitchen: -----> Starting Kitchen (v1.13.2)
I, [2016-12-20T14:26:16.173805 #824]  INFO -- Kitchen: -----> Converging <default-windows2008r2>...
E, [2016-12-20T14:27:27.062007 #824] ERROR -- Kitchen: ------Exception-------
E, [2016-12-20T14:27:27.062990 #824] ERROR -- Kitchen: Class: Kitchen::ActionFailed
E, [2016-12-20T14:27:27.062990 #824] ERROR -- Kitchen: Message: 1 actions failed.
>>>>>>     Failed to complete #converge action: [execution expired] on default-windows2008r2
E, [2016-12-20T14:27:27.062990 #824] ERROR -- Kitchen: ----------------------
E, [2016-12-20T14:27:27.062990 #824] ERROR -- Kitchen: ------Backtrace-------
E, [2016-12-20T14:27:27.063971 #824] ERROR -- Kitchen: C:/opscode/chefdk/embedded/lib/ruby/gems/2.3.0/gems/test-kitchen-1.13.2/lib/kitchen/command.rb:187:in `report_errors'
E, [2016-12-20T14:27:27.063971 #824] ERROR -- Kitchen: C:/opscode/chefdk/embedded/lib/ruby/gems/2.3.0/gems/test-kitchen-1.13.2/lib/kitchen/command.rb:178:in `run_action'
E, [2016-12-20T14:27:27.063971 #824] ERROR -- Kitchen: C:/opscode/chefdk/embedded/lib/ruby/gems/2.3.0/gems/test-kitchen-1.13.2/lib/kitchen/command/action.rb:39:in `block in call'
E, [2016-12-20T14:27:27.063971 #824] ERROR -- Kitchen: C:/opscode/chefdk/embedded/lib/ruby/2.3.0/benchmark.rb:293:in `measure'
E, [2016-12-20T14:27:27.064952 #824] ERROR -- Kitchen: C:/opscode/chefdk/embedded/lib/ruby/gems/2.3.0/gems/test-kitchen-1.13.2/lib/kitchen/command/action.rb:37:in `call'
E, [2016-12-20T14:27:27.064952 #824] ERROR -- Kitchen: C:/opscode/chefdk/embedded/lib/ruby/gems/2.3.0/gems/test-kitchen-1.13.2/lib/kitchen/cli.rb:56:in `perform'
E, [2016-12-20T14:27:27.064952 #824] ERROR -- Kitchen: C:/opscode/chefdk/embedded/lib/ruby/gems/2.3.0/gems/test-kitchen-1.13.2/lib/kitchen/cli.rb:186:in `block (2 levels) in <class:CLI>'
E, [2016-12-20T14:27:27.064952 #824] ERROR -- Kitchen: C:/opscode/chefdk/embedded/lib/ruby/gems/2.3.0/gems/thor-0.19.1/lib/thor/command.rb:27:in `run'
E, [2016-12-20T14:27:27.065924 #824] ERROR -- Kitchen: C:/opscode/chefdk/embedded/lib/ruby/gems/2.3.0/gems/thor-0.19.1/lib/thor/invocation.rb:126:in `invoke_command'
E, [2016-12-20T14:27:27.065924 #824] ERROR -- Kitchen: C:/opscode/chefdk/embedded/lib/ruby/gems/2.3.0/gems/test-kitchen-1.13.2/lib/kitchen/cli.rb:334:in `invoke_task'
E, [2016-12-20T14:27:27.065924 #824] ERROR -- Kitchen: C:/opscode/chefdk/embedded/lib/ruby/gems/2.3.0/gems/thor-0.19.1/lib/thor.rb:359:in `dispatch'
E, [2016-12-20T14:27:27.065924 #824] ERROR -- Kitchen: C:/opscode/chefdk/embedded/lib/ruby/gems/2.3.0/gems/thor-0.19.1/lib/thor/base.rb:440:in `start'
E, [2016-12-20T14:27:27.066912 #824] ERROR -- Kitchen: C:/opscode/chefdk/embedded/lib/ruby/gems/2.3.0/gems/test-kitchen-1.13.2/bin/kitchen:13:in `block in <top (required)>'
E, [2016-12-20T14:27:27.066912 #824] ERROR -- Kitchen: C:/opscode/chefdk/embedded/lib/ruby/gems/2.3.0/gems/test-kitchen-1.13.2/lib/kitchen/errors.rb:174:in `with_friendly_errors'
E, [2016-12-20T14:27:27.066912 #824] ERROR -- Kitchen: C:/opscode/chefdk/embedded/lib/ruby/gems/2.3.0/gems/test-kitchen-1.13.2/bin/kitchen:13:in `<top (required)>'
E, [2016-12-20T14:27:27.066912 #824] ERROR -- Kitchen: C:/opscode/chefdk/bin/kitchen:24:in `load'
E, [2016-12-20T14:27:27.066912 #824] ERROR -- Kitchen: C:/opscode/chefdk/bin/kitchen:24:in `<main>'
E, [2016-12-20T14:27:27.066912 #824] ERROR -- Kitchen: ----End Backtrace-----
E, [2016-12-20T14:27:27.067881 #824] ERROR -- Kitchen: -Composite Exception--
E, [2016-12-20T14:27:27.067881 #824] ERROR -- Kitchen: Class: Kitchen::ActionFailed
E, [2016-12-20T14:27:27.067881 #824] ERROR -- Kitchen: Message: Failed to complete #converge action: [execution expired] on default-windows2008r2
E, [2016-12-20T14:27:27.067881 #824] ERROR -- Kitchen: ----------------------
E, [2016-12-20T14:27:27.067881 #824] ERROR -- Kitchen: ------Backtrace-------
E, [2016-12-20T14:27:27.067881 #824] ERROR -- Kitchen: C:/opscode/chefdk/embedded/lib/ruby/gems/2.3.0/gems/httpclient-2.8.2.4/lib/httpclient/session.rb:799:in `gets'
E, [2016-12-20T14:27:27.067881 #824] ERROR -- Kitchen: C:/opscode/chefdk/embedded/lib/ruby/gems/2.3.0/gems/httpclient-2.8.2.4/lib/httpclient/session.rb:799:in `block in parse_header'
E, [2016-12-20T14:27:27.068857 #824] ERROR -- Kitchen: C:/opscode/chefdk/embedded/lib/ruby/2.3.0/timeout.rb:101:in `timeout'
E, [2016-12-20T14:27:27.068857 #824] ERROR -- Kitchen: C:/opscode/chefdk/embedded/lib/ruby/gems/2.3.0/gems/httpclient-2.8.2.4/lib/httpclient/session.rb:795:in `parse_header'
E, [2016-12-20T14:27:27.068857 #824] ERROR -- Kitchen: C:/opscode/chefdk/embedded/lib/ruby/gems/2.3.0/gems/httpclient-2.8.2.4/lib/httpclient/session.rb:778:in `read_header'
E, [2016-12-20T14:27:27.069844 #824] ERROR -- Kitchen: C:/opscode/chefdk/embedded/lib/ruby/gems/2.3.0/gems/httpclient-2.8.2.4/lib/httpclient/session.rb:554:in `get_header'
E, [2016-12-20T14:27:27.069844 #824] ERROR -- Kitchen: C:/opscode/chefdk/embedded/lib/ruby/gems/2.3.0/gems/httpclient-2.8.2.4/lib/httpclient.rb:1297:in `do_get_header'
E, [2016-12-20T14:27:27.069844 #824] ERROR -- Kitchen: C:/opscode/chefdk/embedded/lib/ruby/gems/2.3.0/gems/httpclient-2.8.2.4/lib/httpclient.rb:1243:in `do_get_block'
E, [2016-12-20T14:27:27.069844 #824] ERROR -- Kitchen: C:/opscode/chefdk/embedded/lib/ruby/gems/2.3.0/gems/httpclient-2.8.2.4/lib/httpclient.rb:1017:in `block in do_request'
E, [2016-12-20T14:27:27.069844 #824] ERROR -- Kitchen: C:/opscode/chefdk/embedded/lib/ruby/gems/2.3.0/gems/httpclient-2.8.2.4/lib/httpclient.rb:1131:in `protect_keep_alive_disconnected'
E, [2016-12-20T14:27:27.070817 #824] ERROR -- Kitchen: C:/opscode/chefdk/embedded/lib/ruby/gems/2.3.0/gems/httpclient-2.8.2.4/lib/httpclient.rb:1012:in `do_request'
E, [2016-12-20T14:27:27.070817 #824] ERROR -- Kitchen: C:/opscode/chefdk/embedded/lib/ruby/gems/2.3.0/gems/httpclient-2.8.2.4/lib/httpclient.rb:854:in `request'
E, [2016-12-20T14:27:27.070817 #824] ERROR -- Kitchen: C:/opscode/chefdk/embedded/lib/ruby/gems/2.3.0/gems/httpclient-2.8.2.4/lib/httpclient.rb:763:in `post'
E, [2016-12-20T14:27:27.070817 #824] ERROR -- Kitchen: C:/opscode/chefdk/embedded/lib/ruby/gems/2.3.0/gems/winrm-2.1.0/lib/winrm/http/transport.rb:220:in `init_auth'
E, [2016-12-20T14:27:27.070817 #824] ERROR -- Kitchen: C:/opscode/chefdk/embedded/lib/ruby/gems/2.3.0/gems/winrm-2.1.0/lib/winrm/http/transport.rb:168:in `send_request'
E, [2016-12-20T14:27:27.070817 #824] ERROR -- Kitchen: C:/opscode/chefdk/embedded/lib/ruby/gems/2.3.0/gems/winrm-2.1.0/lib/winrm/shells/power_shell.rb:152:in `max_envelope_size_kb'
E, [2016-12-20T14:27:27.070817 #824] ERROR -- Kitchen: C:/opscode/chefdk/embedded/lib/ruby/gems/2.3.0/gems/winrm-2.1.0/lib/winrm/shells/power_shell.rb:80:in `max_fragment_blob_size'
E, [2016-12-20T14:27:27.070817 #824] ERROR -- Kitchen: C:/opscode/chefdk/embedded/lib/ruby/gems/2.3.0/gems/winrm-2.1.0/lib/winrm/shells/power_shell.rb:198:in `fragmenter'
E, [2016-12-20T14:27:27.071794 #824] ERROR -- Kitchen: C:/opscode/chefdk/embedded/lib/ruby/gems/2.3.0/gems/winrm-2.1.0/lib/winrm/shells/power_shell.rb:162:in `block in open_shell_payload'
E, [2016-12-20T14:27:27.071794 #824] ERROR -- Kitchen: C:/opscode/chefdk/embedded/lib/ruby/gems/2.3.0/gems/winrm-2.1.0/lib/winrm/shells/power_shell.rb:161:in `map'
E, [2016-12-20T14:27:27.071794 #824] ERROR -- Kitchen: C:/opscode/chefdk/embedded/lib/ruby/gems/2.3.0/gems/winrm-2.1.0/lib/winrm/shells/power_shell.rb:161:in `open_shell_payload'
E, [2016-12-20T14:27:27.071794 #824] ERROR -- Kitchen: C:/opscode/chefdk/embedded/lib/ruby/gems/2.3.0/gems/winrm-2.1.0/lib/winrm/shells/power_shell.rb:122:in `open_shell'
E, [2016-12-20T14:27:27.071794 #824] ERROR -- Kitchen: C:/opscode/chefdk/embedded/lib/ruby/gems/2.3.0/gems/winrm-2.1.0/lib/winrm/shells/base.rb:163:in `block in open'
E, [2016-12-20T14:27:27.071794 #824] ERROR -- Kitchen: C:/opscode/chefdk/embedded/lib/ruby/gems/2.3.0/gems/winrm-2.1.0/lib/winrm/shells/retryable.rb:37:in `retryable'
E, [2016-12-20T14:27:27.071794 #824] ERROR -- Kitchen: C:/opscode/chefdk/embedded/lib/ruby/gems/2.3.0/gems/winrm-2.1.0/lib/winrm/shells/base.rb:161:in `open'
E, [2016-12-20T14:27:27.071794 #824] ERROR -- Kitchen: C:/opscode/chefdk/embedded/lib/ruby/gems/2.3.0/gems/winrm-2.1.0/lib/winrm/shells/base.rb:124:in `with_command_shell'
E, [2016-12-20T14:27:27.072773 #824] ERROR -- Kitchen: C:/opscode/chefdk/embedded/lib/ruby/gems/2.3.0/gems/winrm-2.1.0/lib/winrm/shells/base.rb:80:in `run'
E, [2016-12-20T14:27:27.072773 #824] ERROR -- Kitchen: C:/opscode/chefdk/embedded/lib/ruby/gems/2.3.0/gems/test-kitchen-1.13.2/lib/kitchen/transport/winrm.rb:218:in `execute_with_exit_code'
E, [2016-12-20T14:27:27.072773 #824] ERROR -- Kitchen: C:/opscode/chefdk/embedded/lib/ruby/gems/2.3.0/gems/test-kitchen-1.13.2/lib/kitchen/transport/winrm.rb:100:in `execute'
E, [2016-12-20T14:27:27.072773 #824] ERROR -- Kitchen: C:/opscode/chefdk/embedded/lib/ruby/gems/2.3.0/gems/test-kitchen-1.13.2/lib/kitchen/provisioner/base.rb:72:in `block in call'
E, [2016-12-20T14:27:27.072773 #824] ERROR -- Kitchen: C:/opscode/chefdk/embedded/lib/ruby/gems/2.3.0/gems/test-kitchen-1.13.2/lib/kitchen/transport/base.rb:94:in `initialize'
E, [2016-12-20T14:27:27.072773 #824] ERROR -- Kitchen: C:/opscode/chefdk/embedded/lib/ruby/gems/2.3.0/gems/test-kitchen-1.13.2/lib/kitchen/transport/winrm.rb:422:in `new'
E, [2016-12-20T14:27:27.072773 #824] ERROR -- Kitchen: C:/opscode/chefdk/embedded/lib/ruby/gems/2.3.0/gems/test-kitchen-1.13.2/lib/kitchen/transport/winrm.rb:422:in `create_new_connection'
E, [2016-12-20T14:27:27.073763 #824] ERROR -- Kitchen: C:/opscode/chefdk/embedded/lib/ruby/gems/2.3.0/gems/test-kitchen-1.13.2/lib/kitchen/transport/winrm.rb:74:in `connection'
E, [2016-12-20T14:27:27.073763 #824] ERROR -- Kitchen: C:/opscode/chefdk/embedded/lib/ruby/gems/2.3.0/gems/test-kitchen-1.13.2/lib/kitchen/provisioner/base.rb:71:in `call'
E, [2016-12-20T14:27:27.073763 #824] ERROR -- Kitchen: C:/opscode/chefdk/embedded/lib/ruby/gems/2.3.0/gems/test-kitchen-1.13.2/lib/kitchen/instance.rb:380:in `block in converge_action'
E, [2016-12-20T14:27:27.073763 #824] ERROR -- Kitchen: C:/opscode/chefdk/embedded/lib/ruby/gems/2.3.0/gems/test-kitchen-1.13.2/lib/kitchen/instance.rb:520:in `synchronize_or_call'
E, [2016-12-20T14:27:27.073763 #824] ERROR -- Kitchen: C:/opscode/chefdk/embedded/lib/ruby/gems/2.3.0/gems/test-kitchen-1.13.2/lib/kitchen/instance.rb:485:in `block in action'
E, [2016-12-20T14:27:27.073763 #824] ERROR -- Kitchen: C:/opscode/chefdk/embedded/lib/ruby/2.3.0/benchmark.rb:293:in `measure'
E, [2016-12-20T14:27:27.073763 #824] ERROR -- Kitchen: C:/opscode/chefdk/embedded/lib/ruby/gems/2.3.0/gems/test-kitchen-1.13.2/lib/kitchen/instance.rb:484:in `action'
E, [2016-12-20T14:27:27.073763 #824] ERROR -- Kitchen: C:/opscode/chefdk/embedded/lib/ruby/gems/2.3.0/gems/test-kitchen-1.13.2/lib/kitchen/instance.rb:376:in `converge_action'
E, [2016-12-20T14:27:27.074730 #824] ERROR -- Kitchen: C:/opscode/chefdk/embedded/lib/ruby/gems/2.3.0/gems/test-kitchen-1.13.2/lib/kitchen/instance.rb:355:in `block in transition_to'
E, [2016-12-20T14:27:27.074730 #824] ERROR -- Kitchen: C:/opscode/chefdk/embedded/lib/ruby/gems/2.3.0/gems/test-kitchen-1.13.2/lib/kitchen/instance.rb:354:in `each'
E, [2016-12-20T14:27:27.074730 #824] ERROR -- Kitchen: C:/opscode/chefdk/embedded/lib/ruby/gems/2.3.0/gems/test-kitchen-1.13.2/lib/kitchen/instance.rb:354:in `transition_to'
E, [2016-12-20T14:27:27.074730 #824] ERROR -- Kitchen: C:/opscode/chefdk/embedded/lib/ruby/gems/2.3.0/gems/test-kitchen-1.13.2/lib/kitchen/instance.rb:138:in `converge'
E, [2016-12-20T14:27:27.074730 #824] ERROR -- Kitchen: C:/opscode/chefdk/embedded/lib/ruby/gems/2.3.0/gems/test-kitchen-1.13.2/lib/kitchen/command.rb:201:in `public_send'
E, [2016-12-20T14:27:27.074730 #824] ERROR -- Kitchen: C:/opscode/chefdk/embedded/lib/ruby/gems/2.3.0/gems/test-kitchen-1.13.2/lib/kitchen/command.rb:201:in `run_action_in_thread'
E, [2016-12-20T14:27:27.074730 #824] ERROR -- Kitchen: C:/opscode/chefdk/embedded/lib/ruby/gems/2.3.0/gems/test-kitchen-1.13.2/lib/kitchen/command.rb:173:in `block (2 levels) in run_action'
E, [2016-12-20T14:27:27.074730 #824] ERROR -- Kitchen: C:/opscode/chefdk/embedded/lib/ruby/gems/2.3.0/gems/logging-2.1.0/lib/logging/diagnostic_context.rb:450:in `block in create_with_logging_context'
E, [2016-12-20T14:27:27.075707 #824] ERROR -- Kitchen: ----End Backtrace-----
E, [2016-12-20T14:27:27.075707 #824] ERROR -- Kitchen: ---Nested Exception---
E, [2016-12-20T14:27:27.075707 #824] ERROR -- Kitchen: Class: Kitchen::ActionFailed
E, [2016-12-20T14:27:27.075707 #824] ERROR -- Kitchen: Message: Failed to complete #converge action: [execution expired]
E, [2016-12-20T14:27:27.075707 #824] ERROR -- Kitchen: ----------------------
E, [2016-12-20T14:27:27.075707 #824] ERROR -- Kitchen: ------Backtrace-------
E, [2016-12-20T14:27:27.075707 #824] ERROR -- Kitchen: C:/opscode/chefdk/embedded/lib/ruby/gems/2.3.0/gems/httpclient-2.8.2.4/lib/httpclient/session.rb:799:in `gets'
E, [2016-12-20T14:27:27.075707 #824] ERROR -- Kitchen: C:/opscode/chefdk/embedded/lib/ruby/gems/2.3.0/gems/httpclient-2.8.2.4/lib/httpclient/session.rb:799:in `block in parse_header'
E, [2016-12-20T14:27:27.075707 #824] ERROR -- Kitchen: C:/opscode/chefdk/embedded/lib/ruby/2.3.0/timeout.rb:101:in `timeout'
E, [2016-12-20T14:27:27.075707 #824] ERROR -- Kitchen: C:/opscode/chefdk/embedded/lib/ruby/gems/2.3.0/gems/httpclient-2.8.2.4/lib/httpclient/session.rb:795:in `parse_header'
E, [2016-12-20T14:27:27.076686 #824] ERROR -- Kitchen: C:/opscode/chefdk/embedded/lib/ruby/gems/2.3.0/gems/httpclient-2.8.2.4/lib/httpclient/session.rb:778:in `read_header'
E, [2016-12-20T14:27:27.076686 #824] ERROR -- Kitchen: C:/opscode/chefdk/embedded/lib/ruby/gems/2.3.0/gems/httpclient-2.8.2.4/lib/httpclient/session.rb:554:in `get_header'
E, [2016-12-20T14:27:27.076686 #824] ERROR -- Kitchen: C:/opscode/chefdk/embedded/lib/ruby/gems/2.3.0/gems/httpclient-2.8.2.4/lib/httpclient.rb:1297:in `do_get_header'
E, [2016-12-20T14:27:27.076686 #824] ERROR -- Kitchen: C:/opscode/chefdk/embedded/lib/ruby/gems/2.3.0/gems/httpclient-2.8.2.4/lib/httpclient.rb:1243:in `do_get_block'
E, [2016-12-20T14:27:27.076686 #824] ERROR -- Kitchen: C:/opscode/chefdk/embedded/lib/ruby/gems/2.3.0/gems/httpclient-2.8.2.4/lib/httpclient.rb:1017:in `block in do_request'
E, [2016-12-20T14:27:27.076686 #824] ERROR -- Kitchen: C:/opscode/chefdk/embedded/lib/ruby/gems/2.3.0/gems/httpclient-2.8.2.4/lib/httpclient.rb:1131:in `protect_keep_alive_disconnected'
E, [2016-12-20T14:27:27.076686 #824] ERROR -- Kitchen: C:/opscode/chefdk/embedded/lib/ruby/gems/2.3.0/gems/httpclient-2.8.2.4/lib/httpclient.rb:1012:in `do_request'
E, [2016-12-20T14:27:27.076686 #824] ERROR -- Kitchen: C:/opscode/chefdk/embedded/lib/ruby/gems/2.3.0/gems/httpclient-2.8.2.4/lib/httpclient.rb:854:in `request'
E, [2016-12-20T14:27:27.076686 #824] ERROR -- Kitchen: C:/opscode/chefdk/embedded/lib/ruby/gems/2.3.0/gems/httpclient-2.8.2.4/lib/httpclient.rb:763:in `post'
E, [2016-12-20T14:27:27.076686 #824] ERROR -- Kitchen: C:/opscode/chefdk/embedded/lib/ruby/gems/2.3.0/gems/winrm-2.1.0/lib/winrm/http/transport.rb:220:in `init_auth'
E, [2016-12-20T14:27:27.077665 #824] ERROR -- Kitchen: C:/opscode/chefdk/embedded/lib/ruby/gems/2.3.0/gems/winrm-2.1.0/lib/winrm/http/transport.rb:168:in `send_request'
E, [2016-12-20T14:27:27.077665 #824] ERROR -- Kitchen: C:/opscode/chefdk/embedded/lib/ruby/gems/2.3.0/gems/winrm-2.1.0/lib/winrm/shells/power_shell.rb:152:in `max_envelope_size_kb'
E, [2016-12-20T14:27:27.077665 #824] ERROR -- Kitchen: C:/opscode/chefdk/embedded/lib/ruby/gems/2.3.0/gems/winrm-2.1.0/lib/winrm/shells/power_shell.rb:80:in `max_fragment_blob_size'
E, [2016-12-20T14:27:27.077665 #824] ERROR -- Kitchen: C:/opscode/chefdk/embedded/lib/ruby/gems/2.3.0/gems/winrm-2.1.0/lib/winrm/shells/power_shell.rb:198:in `fragmenter'
E, [2016-12-20T14:27:27.077665 #824] ERROR -- Kitchen: C:/opscode/chefdk/embedded/lib/ruby/gems/2.3.0/gems/winrm-2.1.0/lib/winrm/shells/power_shell.rb:162:in `block in open_shell_payload'
E, [2016-12-20T14:27:27.078645 #824] ERROR -- Kitchen: C:/opscode/chefdk/embedded/lib/ruby/gems/2.3.0/gems/winrm-2.1.0/lib/winrm/shells/power_shell.rb:161:in `map'
E, [2016-12-20T14:27:27.078645 #824] ERROR -- Kitchen: C:/opscode/chefdk/embedded/lib/ruby/gems/2.3.0/gems/winrm-2.1.0/lib/winrm/shells/power_shell.rb:161:in `open_shell_payload'
E, [2016-12-20T14:27:27.078645 #824] ERROR -- Kitchen: C:/opscode/chefdk/embedded/lib/ruby/gems/2.3.0/gems/winrm-2.1.0/lib/winrm/shells/power_shell.rb:122:in `open_shell'
E, [2016-12-20T14:27:27.078645 #824] ERROR -- Kitchen: C:/opscode/chefdk/embedded/lib/ruby/gems/2.3.0/gems/winrm-2.1.0/lib/winrm/shells/base.rb:163:in `block in open'
E, [2016-12-20T14:27:27.078645 #824] ERROR -- Kitchen: C:/opscode/chefdk/embedded/lib/ruby/gems/2.3.0/gems/winrm-2.1.0/lib/winrm/shells/retryable.rb:37:in `retryable'
E, [2016-12-20T14:27:27.078645 #824] ERROR -- Kitchen: C:/opscode/chefdk/embedded/lib/ruby/gems/2.3.0/gems/winrm-2.1.0/lib/winrm/shells/base.rb:161:in `open'
E, [2016-12-20T14:27:27.078645 #824] ERROR -- Kitchen: C:/opscode/chefdk/embedded/lib/ruby/gems/2.3.0/gems/winrm-2.1.0/lib/winrm/shells/base.rb:124:in `with_command_shell'
E, [2016-12-20T14:27:27.078645 #824] ERROR -- Kitchen: C:/opscode/chefdk/embedded/lib/ruby/gems/2.3.0/gems/winrm-2.1.0/lib/winrm/shells/base.rb:80:in `run'
E, [2016-12-20T14:27:27.078645 #824] ERROR -- Kitchen: C:/opscode/chefdk/embedded/lib/ruby/gems/2.3.0/gems/test-kitchen-1.13.2/lib/kitchen/transport/winrm.rb:218:in `execute_with_exit_code'
E, [2016-12-20T14:27:27.079623 #824] ERROR -- Kitchen: C:/opscode/chefdk/embedded/lib/ruby/gems/2.3.0/gems/test-kitchen-1.13.2/lib/kitchen/transport/winrm.rb:100:in `execute'
E, [2016-12-20T14:27:27.079623 #824] ERROR -- Kitchen: C:/opscode/chefdk/embedded/lib/ruby/gems/2.3.0/gems/test-kitchen-1.13.2/lib/kitchen/provisioner/base.rb:72:in `block in call'
E, [2016-12-20T14:27:27.079623 #824] ERROR -- Kitchen: C:/opscode/chefdk/embedded/lib/ruby/gems/2.3.0/gems/test-kitchen-1.13.2/lib/kitchen/transport/base.rb:94:in `initialize'
E, [2016-12-20T14:27:27.079623 #824] ERROR -- Kitchen: C:/opscode/chefdk/embedded/lib/ruby/gems/2.3.0/gems/test-kitchen-1.13.2/lib/kitchen/transport/winrm.rb:422:in `new'
E, [2016-12-20T14:27:27.079623 #824] ERROR -- Kitchen: C:/opscode/chefdk/embedded/lib/ruby/gems/2.3.0/gems/test-kitchen-1.13.2/lib/kitchen/transport/winrm.rb:422:in `create_new_connection'
E, [2016-12-20T14:27:27.079623 #824] ERROR -- Kitchen: C:/opscode/chefdk/embedded/lib/ruby/gems/2.3.0/gems/test-kitchen-1.13.2/lib/kitchen/transport/winrm.rb:74:in `connection'
E, [2016-12-20T14:27:27.079623 #824] ERROR -- Kitchen: C:/opscode/chefdk/embedded/lib/ruby/gems/2.3.0/gems/test-kitchen-1.13.2/lib/kitchen/provisioner/base.rb:71:in `call'
E, [2016-12-20T14:27:27.079623 #824] ERROR -- Kitchen: C:/opscode/chefdk/embedded/lib/ruby/gems/2.3.0/gems/test-kitchen-1.13.2/lib/kitchen/instance.rb:380:in `block in converge_action'
E, [2016-12-20T14:27:27.079623 #824] ERROR -- Kitchen: C:/opscode/chefdk/embedded/lib/ruby/gems/2.3.0/gems/test-kitchen-1.13.2/lib/kitchen/instance.rb:520:in `synchronize_or_call'
E, [2016-12-20T14:27:27.079623 #824] ERROR -- Kitchen: C:/opscode/chefdk/embedded/lib/ruby/gems/2.3.0/gems/test-kitchen-1.13.2/lib/kitchen/instance.rb:485:in `block in action'
E, [2016-12-20T14:27:27.079623 #824] ERROR -- Kitchen: C:/opscode/chefdk/embedded/lib/ruby/2.3.0/benchmark.rb:293:in `measure'
E, [2016-12-20T14:27:27.079623 #824] ERROR -- Kitchen: C:/opscode/chefdk/embedded/lib/ruby/gems/2.3.0/gems/test-kitchen-1.13.2/lib/kitchen/instance.rb:484:in `action'
E, [2016-12-20T14:27:27.079623 #824] ERROR -- Kitchen: C:/opscode/chefdk/embedded/lib/ruby/gems/2.3.0/gems/test-kitchen-1.13.2/lib/kitchen/instance.rb:376:in `converge_action'
E, [2016-12-20T14:27:27.079623 #824] ERROR -- Kitchen: C:/opscode/chefdk/embedded/lib/ruby/gems/2.3.0/gems/test-kitchen-1.13.2/lib/kitchen/instance.rb:355:in `block in transition_to'
E, [2016-12-20T14:27:27.079623 #824] ERROR -- Kitchen: C:/opscode/chefdk/embedded/lib/ruby/gems/2.3.0/gems/test-kitchen-1.13.2/lib/kitchen/instance.rb:354:in `each'
E, [2016-12-20T14:27:27.080600 #824] ERROR -- Kitchen: C:/opscode/chefdk/embedded/lib/ruby/gems/2.3.0/gems/test-kitchen-1.13.2/lib/kitchen/instance.rb:354:in `transition_to'
E, [2016-12-20T14:27:27.080600 #824] ERROR -- Kitchen: C:/opscode/chefdk/embedded/lib/ruby/gems/2.3.0/gems/test-kitchen-1.13.2/lib/kitchen/instance.rb:138:in `converge'
E, [2016-12-20T14:27:27.080600 #824] ERROR -- Kitchen: C:/opscode/chefdk/embedded/lib/ruby/gems/2.3.0/gems/test-kitchen-1.13.2/lib/kitchen/command.rb:201:in `public_send'
E, [2016-12-20T14:27:27.080600 #824] ERROR -- Kitchen: C:/opscode/chefdk/embedded/lib/ruby/gems/2.3.0/gems/test-kitchen-1.13.2/lib/kitchen/command.rb:201:in `run_action_in_thread'
E, [2016-12-20T14:27:27.080600 #824] ERROR -- Kitchen: C:/opscode/chefdk/embedded/lib/ruby/gems/2.3.0/gems/test-kitchen-1.13.2/lib/kitchen/command.rb:173:in `block (2 levels) in run_action'
E, [2016-12-20T14:27:27.080600 #824] ERROR -- Kitchen: C:/opscode/chefdk/embedded/lib/ruby/gems/2.3.0/gems/logging-2.1.0/lib/logging/diagnostic_context.rb:450:in `block in create_with_logging_context'
E, [2016-12-20T14:27:27.080600 #824] ERROR -- Kitchen: ----End Backtrace-----
